<?xml version="1.0" encoding="UTF-8"?>
<!-- Generated by org.testng.reporters.JUnitXMLReporter -->
<testsuite ignored="0" hostname="sangameshs-MacBook-Air.local" failures="0" tests="3" name="Test" time="81.1" errors="0" timestamp="2026-02-14T22:49:57 IST">
  <testcase classname="tests.LoginToFakeStore" name="buttonCard" time="0.178"/>
  <testcase classname="tests.LoginToFakeStore" name="inputCard" time="0.266"/>
  <testcase classname="tests.LoginToFakeStore" name="login" time="0.333"/>
</testsuite> <!-- Test -->
